   8	      1024	     0.014 GigaMultsPerSecond
   8	      4096	     0.054 GigaMultsPerSecond
   8	      8192	     0.108 GigaMultsPerSecond
   8	     16384	     0.213 GigaMultsPerSecond
   8	     32768	     0.630 GigaMultsPerSecond
   8	     65536	     0.772 GigaMultsPerSecond
   8	    131072	     1.307 GigaMultsPerSecond
   8	    262144	     2.409 GigaMultsPerSecond
   8	    524288	     1.295 GigaMultsPerSecond
   8	   1048576	     2.161 GigaMultsPerSecond
   8	   2097152	     2.670 GigaMultsPerSecond
   8	   4194304	     0.507 GigaMultsPerSecond
   8	   8388608	     3.364 GigaMultsPerSecond
   8	  16777216	     4.322 GigaMultsPerSecond
   8	  25165824	     4.416 GigaMultsPerSecond
  16	      1024	     0.026 GigaMultsPerSecond
  16	      4096	     0.080 GigaMultsPerSecond
  16	      8192	     0.178 GigaMultsPerSecond
  16	     16384	     0.355 GigaMultsPerSecond
  16	     32768	     0.616 GigaMultsPerSecond
  16	     65536	     1.167 GigaMultsPerSecond
  16	    131072	     1.511 GigaMultsPerSecond
  16	    262144	     3.376 GigaMultsPerSecond
  16	    524288	     1.311 GigaMultsPerSecond
  16	   1048576	     2.812 GigaMultsPerSecond
  16	   2097152	     4.108 GigaMultsPerSecond
  16	   4194304	     0.043 GigaMultsPerSecond
  16	   8388608	     4.962 GigaMultsPerSecond
  16	  16777216	     0.065 GigaMultsPerSecond
  16	  25165824	     1.740 GigaMultsPerSecond
  32	      1024	     0.020 GigaMultsPerSecond
  32	      4096	     0.086 GigaMultsPerSecond
  32	      8192	     0.161 GigaMultsPerSecond
  32	     16384	     0.293 GigaMultsPerSecond
  32	     32768	     0.673 GigaMultsPerSecond
  32	     65536	     1.151 GigaMultsPerSecond
  32	    131072	     2.200 GigaMultsPerSecond
  32	    262144	     4.334 GigaMultsPerSecond
  32	    524288	     1.840 GigaMultsPerSecond
  32	   1048576	     3.276 GigaMultsPerSecond
  32	   2097152	     3.921 GigaMultsPerSecond
  32	   4194304	     0.260 GigaMultsPerSecond
  32	   8388608	    11.044 GigaMultsPerSecond
  32	  16777216	    12.495 GigaMultsPerSecond
  32	  25165824	    14.479 GigaMultsPerSecond
  64	      1024	     0.018 GigaMultsPerSecond
  64	      4096	     0.073 GigaMultsPerSecond
  64	      8192	     0.182 GigaMultsPerSecond
  64	     16384	     0.324 GigaMultsPerSecond
  64	     32768	     0.680 GigaMultsPerSecond
  64	     65536	     1.087 GigaMultsPerSecond
  64	    131072	     2.261 GigaMultsPerSecond
  64	    262144	     4.237 GigaMultsPerSecond
  64	    524288	     0.044 GigaMultsPerSecond
  64	   1048576	     3.540 GigaMultsPerSecond
  64	   2097152	     0.196 GigaMultsPerSecond
  64	   4194304	     0.486 GigaMultsPerSecond
  64	   8388608	     6.774 GigaMultsPerSecond
  64	  16777216	    17.824 GigaMultsPerSecond
  64	  25165824	    22.457 GigaMultsPerSecond
 128	      1024	     0.019 GigaMultsPerSecond
 128	      4096	     0.079 GigaMultsPerSecond
 128	      8192	     0.157 GigaMultsPerSecond
 128	     16384	     0.342 GigaMultsPerSecond
 128	     32768	     0.642 GigaMultsPerSecond
 128	     65536	     1.207 GigaMultsPerSecond
 128	    131072	     2.485 GigaMultsPerSecond
 128	    262144	     5.297 GigaMultsPerSecond
 128	    524288	     1.962 GigaMultsPerSecond
 128	   1048576	     0.562 GigaMultsPerSecond
 128	   2097152	     0.204 GigaMultsPerSecond
 128	   4194304	     0.015 GigaMultsPerSecond
 128	   8388608	    13.337 GigaMultsPerSecond
 128	  16777216	     1.598 GigaMultsPerSecond
 128	  25165824	    23.834 GigaMultsPerSecond
 256	      1024	     0.022 GigaMultsPerSecond
 256	      4096	     0.081 GigaMultsPerSecond
 256	      8192	     0.147 GigaMultsPerSecond
 256	     16384	     0.206 GigaMultsPerSecond
 256	     32768	     0.606 GigaMultsPerSecond
 256	     65536	     1.328 GigaMultsPerSecond
 256	    131072	     2.856 GigaMultsPerSecond
 256	    262144	     5.185 GigaMultsPerSecond
 256	    524288	     2.059 GigaMultsPerSecond
 256	   1048576	     3.815 GigaMultsPerSecond
 256	   2097152	     7.078 GigaMultsPerSecond
 256	   4194304	     0.230 GigaMultsPerSecond
 256	   8388608	    12.025 GigaMultsPerSecond
 256	  16777216	     0.063 GigaMultsPerSecond
 256	  25165824	     8.715 GigaMultsPerSecond
slurmstepd: error: *** JOB 278976 ON dgxs-2 CANCELLED AT 2021-05-28T18:46:13 ***
