   8	      1024	     0.017 GigaMultsPerSecond
   8	      4096	     0.091 GigaMultsPerSecond
   8	      8192	     0.175 GigaMultsPerSecond
   8	     16384	     0.338 GigaMultsPerSecond
   8	     32768	     0.632 GigaMultsPerSecond
   8	     65536	     1.113 GigaMultsPerSecond
   8	    131072	     1.835 GigaMultsPerSecond
   8	    262144	     2.627 GigaMultsPerSecond
   8	    524288	     1.558 GigaMultsPerSecond
   8	   1048576	     2.635 GigaMultsPerSecond
   8	   2097152	     3.361 GigaMultsPerSecond
   8	   4194304	     3.866 GigaMultsPerSecond
   8	   8388608	     4.126 GigaMultsPerSecond
   8	  16777216	     4.372 GigaMultsPerSecond
   8	  25165824	     4.494 GigaMultsPerSecond
  16	      1024	     0.023 GigaMultsPerSecond
  16	      4096	     0.088 GigaMultsPerSecond
  16	      8192	     0.180 GigaMultsPerSecond
  16	     16384	     0.357 GigaMultsPerSecond
  16	     32768	     0.696 GigaMultsPerSecond
  16	     65536	     1.257 GigaMultsPerSecond
  16	    131072	     1.884 GigaMultsPerSecond
  16	    262144	     3.508 GigaMultsPerSecond
  16	    524288	     2.212 GigaMultsPerSecond
  16	   1048576	     3.637 GigaMultsPerSecond
  16	   2097152	     5.152 GigaMultsPerSecond
  16	   4194304	     6.391 GigaMultsPerSecond
  16	   8388608	     7.208 GigaMultsPerSecond
  16	  16777216	     7.817 GigaMultsPerSecond
slurmstepd: error: *** JOB 278974 ON dgxs-3 CANCELLED AT 2021-05-28T18:39:24 ***
